[2024-08-16 14:52:33,756: INFO: main: Welcome to out custom log]
[2024-08-16 14:53:08,555: INFO: main: Welcome to out custom log]
[2024-08-16 15:41:08,704: INFO: common: yaml file: config\config.yaml loaded successfully]
[2024-08-16 15:41:09,269: INFO: common: yaml file: params.yaml loaded successfully]
[2024-08-16 15:41:09,270: INFO: common: created directory at: artifacts]
[2024-08-16 15:41:09,272: INFO: common: created directory at: artifacts/data_ingestion]
[2024-08-16 15:41:09,273: INFO: 3172177572: Downloading data from https://drive.google.com/file/d/1vlhZ5c7abUKF8xXERIw6m9Te8fW7ohw3/view?usp=sharing into file artifacts/data_ingestion/data.zip]
[2024-08-16 15:41:30,699: INFO: 3172177572: Downloaded data from https://drive.google.com/file/d/1vlhZ5c7abUKF8xXERIw6m9Te8fW7ohw3/view?usp=sharing into file artifacts/data_ingestion/data.zip]
[2024-08-16 15:57:29,538: INFO: main: >>>>>> stage Data Ingestion stage started <<<<<<]
[2024-08-16 15:57:29,540: INFO: common: yaml file: config\config.yaml loaded successfully]
[2024-08-16 15:57:29,541: INFO: common: yaml file: params.yaml loaded successfully]
[2024-08-16 15:57:29,542: INFO: common: created directory at: artifacts]
[2024-08-16 15:57:29,542: INFO: common: created directory at: artifacts/data_ingestion]
[2024-08-16 15:57:29,543: INFO: data_ingestion: Downloading data from https://drive.google.com/file/d/1vlhZ5c7abUKF8xXERIw6m9Te8fW7ohw3/view?usp=sharing into file artifacts/data_ingestion/data.zip]
[2024-08-16 15:57:49,264: INFO: data_ingestion: Downloaded data from https://drive.google.com/file/d/1vlhZ5c7abUKF8xXERIw6m9Te8fW7ohw3/view?usp=sharing into file artifacts/data_ingestion/data.zip]
[2024-08-16 15:57:50,427: INFO: main: >>>>>> stage Data Ingestion stage completed <<<<<<

x==========x]
[2024-08-16 16:20:01,726: WARNING: deprecation: From C:\Users\ayush\AppData\Local\Temp\ipykernel_16116\337460670.py:1: is_gpu_available (from tensorflow.python.framework.test_util) is deprecated and will be removed in a future version.
Instructions for updating:
Use `tf.config.list_physical_devices('GPU')` instead.]
[2024-08-16 16:20:37,300: INFO: common: yaml file: config\config.yaml loaded successfully]
[2024-08-16 16:20:37,300: INFO: common: yaml file: params.yaml loaded successfully]
[2024-08-16 16:20:37,310: INFO: common: created directory at: artifacts]
[2024-08-16 16:20:37,312: INFO: common: created directory at: artifacts/prepare_base_model]
[2024-08-16 16:21:25,997: INFO: common: yaml file: config\config.yaml loaded successfully]
[2024-08-16 16:21:26,010: INFO: common: yaml file: params.yaml loaded successfully]
[2024-08-16 16:21:26,012: INFO: common: created directory at: artifacts]
[2024-08-16 16:21:26,014: INFO: common: created directory at: artifacts/prepare_base_model]
[2024-08-16 16:21:47,681: WARNING: saving_utils: Compiled the loaded model, but the compiled metrics have yet to be built. `model.compile_metrics` will be empty until you train or evaluate the model.]
[2024-08-16 16:54:22,867: INFO: main: >>>>>> stage Data Ingestion stage started <<<<<<]
[2024-08-16 16:54:22,970: INFO: common: yaml file: config\config.yaml loaded successfully]
[2024-08-16 16:54:22,983: INFO: common: yaml file: params.yaml loaded successfully]
[2024-08-16 16:54:22,987: INFO: common: created directory at: artifacts]
[2024-08-16 16:54:22,988: INFO: common: created directory at: artifacts/data_ingestion]
[2024-08-16 16:54:22,990: INFO: data_ingestion: Downloading data from https://drive.google.com/file/d/1vlhZ5c7abUKF8xXERIw6m9Te8fW7ohw3/view?usp=sharing into file artifacts/data_ingestion/data.zip]
[2024-08-16 16:54:45,175: INFO: data_ingestion: Downloaded data from https://drive.google.com/file/d/1vlhZ5c7abUKF8xXERIw6m9Te8fW7ohw3/view?usp=sharing into file artifacts/data_ingestion/data.zip]
[2024-08-16 16:54:46,639: INFO: main: >>>>>> stage Data Ingestion stage completed <<<<<<

x==========x]
[2024-08-16 16:56:54,974: INFO: main: >>>>>> stage Data Ingestion stage started <<<<<<]
[2024-08-16 16:56:54,990: INFO: common: yaml file: config\config.yaml loaded successfully]
[2024-08-16 16:56:54,997: INFO: common: yaml file: params.yaml loaded successfully]
[2024-08-16 16:56:55,000: INFO: common: created directory at: artifacts]
[2024-08-16 16:56:55,000: INFO: common: created directory at: artifacts/data_ingestion]
[2024-08-16 16:56:55,001: INFO: data_ingestion: Downloading data from https://drive.google.com/file/d/1vlhZ5c7abUKF8xXERIw6m9Te8fW7ohw3/view?usp=sharing into file artifacts/data_ingestion/data.zip]
[2024-08-16 16:57:17,017: INFO: data_ingestion: Downloaded data from https://drive.google.com/file/d/1vlhZ5c7abUKF8xXERIw6m9Te8fW7ohw3/view?usp=sharing into file artifacts/data_ingestion/data.zip]
[2024-08-16 16:57:18,059: INFO: main: >>>>>> stage Data Ingestion stage completed <<<<<<

x==========x]
[2024-08-16 16:57:18,059: INFO: main: *******************]
[2024-08-16 16:57:18,059: INFO: main: >>>>>> stage Prepare base model started <<<<<<]
[2024-08-16 16:57:18,059: INFO: common: yaml file: config\config.yaml loaded successfully]
[2024-08-16 16:57:18,076: INFO: common: yaml file: params.yaml loaded successfully]
[2024-08-16 16:57:18,076: INFO: common: created directory at: artifacts]
[2024-08-16 16:57:18,078: INFO: common: created directory at: artifacts/prepare_base_model]
[2024-08-16 16:57:22,511: WARNING: saving_utils: Compiled the loaded model, but the compiled metrics have yet to be built. `model.compile_metrics` will be empty until you train or evaluate the model.]
[2024-08-16 16:57:23,269: INFO: main: >>>>>> stage Prepare base model completed <<<<<<

x==========x]
[2024-08-16 17:05:58,635: INFO: common: yaml file: config\config.yaml loaded successfully]
[2024-08-16 17:05:58,649: INFO: common: yaml file: params.yaml loaded successfully]
[2024-08-16 17:05:58,658: INFO: common: created directory at: artifacts]
[2024-08-16 17:05:58,660: INFO: common: created directory at: artifacts\training]
[2024-08-16 17:17:45,652: INFO: main: >>>>>> stage Data Ingestion stage started <<<<<<]
[2024-08-16 17:17:45,660: INFO: common: yaml file: config\config.yaml loaded successfully]
[2024-08-16 17:17:45,668: INFO: common: yaml file: params.yaml loaded successfully]
[2024-08-16 17:17:45,668: INFO: common: created directory at: artifacts]
[2024-08-16 17:17:45,668: INFO: common: created directory at: artifacts/data_ingestion]
[2024-08-16 17:17:45,668: INFO: data_ingestion: Downloading data from https://drive.google.com/file/d/1vlhZ5c7abUKF8xXERIw6m9Te8fW7ohw3/view?usp=sharing into file artifacts/data_ingestion/data.zip]
[2024-08-16 17:18:06,540: INFO: data_ingestion: Downloaded data from https://drive.google.com/file/d/1vlhZ5c7abUKF8xXERIw6m9Te8fW7ohw3/view?usp=sharing into file artifacts/data_ingestion/data.zip]
[2024-08-16 17:18:08,567: INFO: main: >>>>>> stage Data Ingestion stage completed <<<<<<

x==========x]
[2024-08-16 17:18:08,567: INFO: main: *******************]
[2024-08-16 17:18:08,567: INFO: main: >>>>>> stage Prepare base model started <<<<<<]
[2024-08-16 17:18:08,578: INFO: common: yaml file: config\config.yaml loaded successfully]
[2024-08-16 17:18:08,584: INFO: common: yaml file: params.yaml loaded successfully]
[2024-08-16 17:18:08,584: INFO: common: created directory at: artifacts]
[2024-08-16 17:18:08,584: INFO: common: created directory at: artifacts/prepare_base_model]
[2024-08-16 17:18:12,381: WARNING: saving_utils: Compiled the loaded model, but the compiled metrics have yet to be built. `model.compile_metrics` will be empty until you train or evaluate the model.]
[2024-08-16 17:18:13,936: INFO: main: >>>>>> stage Prepare base model completed <<<<<<

x==========x]
[2024-08-16 17:18:13,938: INFO: main: *******************]
[2024-08-16 17:18:13,938: INFO: main: >>>>>> stage Training started <<<<<<]
[2024-08-16 17:18:13,944: INFO: common: yaml file: config\config.yaml loaded successfully]
[2024-08-16 17:18:13,946: INFO: common: yaml file: params.yaml loaded successfully]
[2024-08-16 17:18:13,949: INFO: common: created directory at: artifacts]
[2024-08-16 17:18:13,950: INFO: common: created directory at: artifacts\training]
[2024-08-16 17:19:01,310: INFO: main: >>>>>> stage Training completed <<<<<<

x==========x]
[2024-08-16 18:01:38,242: INFO: common: yaml file: config\config.yaml loaded successfully]
[2024-08-16 18:01:38,360: INFO: common: yaml file: params.yaml loaded successfully]
[2024-08-16 18:01:38,362: INFO: common: created directory at: artifacts]
[2024-08-16 18:02:04,416: INFO: common: json file saved at: scores.json]
[2024-08-16 18:02:23,792: WARNING: connectionpool: Retrying (Retry(total=4, connect=5, read=4, redirect=5, status=5)) after connection broken by 'ProtocolError('Connection aborted.', ConnectionResetError(10054, 'An existing connection was forcibly closed by the remote host', None, 10054, None))': /ayushhsinghhh/Kidney-Disease.mlflow/api/2.0/mlflow/runs/create]
[2024-08-16 18:02:33,024: WARNING: save: Found untraced functions such as _jit_compiled_convolution_op, _jit_compiled_convolution_op, _jit_compiled_convolution_op, _jit_compiled_convolution_op, _jit_compiled_convolution_op while saving (showing 5 of 13). These functions will not be directly callable after loading.]
[2024-08-16 18:02:35,669: INFO: builder_impl: Assets written to: C:\Users\ayush\AppData\Local\Temp\tmpxstlc73d\model\data\model\assets]
[2024-08-16 18:22:37,236: INFO: main: >>>>>> stage Data Ingestion stage started <<<<<<]
[2024-08-16 18:22:37,282: INFO: common: yaml file: config\config.yaml loaded successfully]
[2024-08-16 18:22:37,292: INFO: common: yaml file: params.yaml loaded successfully]
[2024-08-16 18:22:37,301: INFO: common: created directory at: artifacts]
[2024-08-16 18:22:37,327: INFO: common: created directory at: artifacts/data_ingestion]
[2024-08-16 18:22:37,327: INFO: data_ingestion: Downloading data from https://drive.google.com/file/d/1vlhZ5c7abUKF8xXERIw6m9Te8fW7ohw3/view?usp=sharing into file artifacts/data_ingestion/data.zip]
[2024-08-16 18:22:57,516: INFO: data_ingestion: Downloaded data from https://drive.google.com/file/d/1vlhZ5c7abUKF8xXERIw6m9Te8fW7ohw3/view?usp=sharing into file artifacts/data_ingestion/data.zip]
[2024-08-16 18:22:59,754: INFO: main: >>>>>> stage Data Ingestion stage completed <<<<<<

x==========x]
[2024-08-16 18:22:59,757: INFO: main: *******************]
[2024-08-16 18:22:59,757: INFO: main: >>>>>> stage Prepare base model started <<<<<<]
[2024-08-16 18:22:59,775: INFO: common: yaml file: config\config.yaml loaded successfully]
[2024-08-16 18:22:59,787: INFO: common: yaml file: params.yaml loaded successfully]
[2024-08-16 18:22:59,787: INFO: common: created directory at: artifacts]
[2024-08-16 18:22:59,792: INFO: common: created directory at: artifacts/prepare_base_model]
[2024-08-16 18:23:06,216: WARNING: saving_utils: Compiled the loaded model, but the compiled metrics have yet to be built. `model.compile_metrics` will be empty until you train or evaluate the model.]
[2024-08-16 18:23:07,536: INFO: main: >>>>>> stage Prepare base model completed <<<<<<

x==========x]
[2024-08-16 18:23:07,544: INFO: main: *******************]
[2024-08-16 18:23:07,548: INFO: main: >>>>>> stage Training started <<<<<<]
[2024-08-16 18:23:07,569: INFO: common: yaml file: config\config.yaml loaded successfully]
[2024-08-16 18:23:07,587: INFO: common: yaml file: params.yaml loaded successfully]
[2024-08-16 18:23:07,599: INFO: common: created directory at: artifacts]
[2024-08-16 18:23:07,608: INFO: common: created directory at: artifacts\training]
[2024-08-16 18:24:10,108: INFO: main: >>>>>> stage Training completed <<<<<<

x==========x]
[2024-08-16 18:24:10,113: INFO: main: *******************]
[2024-08-16 18:24:10,113: INFO: main: >>>>>> stage Evaluation stage started <<<<<<]
[2024-08-16 18:24:10,144: INFO: common: yaml file: config\config.yaml loaded successfully]
[2024-08-16 18:24:10,176: INFO: common: yaml file: params.yaml loaded successfully]
[2024-08-16 18:24:10,179: INFO: common: created directory at: artifacts]
[2024-08-16 18:24:18,497: INFO: common: json file saved at: scores.json]
[2024-08-16 18:24:18,502: INFO: common: json file saved at: scores.json]
[2024-08-16 18:24:18,504: INFO: main: >>>>>> stage Evaluation stage completed <<<<<<

x==========x]
[2024-08-16 18:30:29,361: INFO: common: yaml file: config\config.yaml loaded successfully]
[2024-08-16 18:30:29,397: INFO: common: yaml file: params.yaml loaded successfully]
[2024-08-16 18:30:29,406: INFO: common: created directory at: artifacts]
[2024-08-16 18:30:42,548: INFO: common: json file saved at: scores.json]
[2024-08-16 18:32:01,940: INFO: common: yaml file: config\config.yaml loaded successfully]
[2024-08-16 18:32:01,944: INFO: common: yaml file: params.yaml loaded successfully]
[2024-08-16 18:32:01,947: INFO: common: created directory at: artifacts]
[2024-08-16 18:32:18,434: INFO: common: json file saved at: scores.json]
[2024-08-16 18:32:25,311: WARNING: save: Found untraced functions such as _jit_compiled_convolution_op, _jit_compiled_convolution_op, _jit_compiled_convolution_op, _jit_compiled_convolution_op, _jit_compiled_convolution_op while saving (showing 5 of 13). These functions will not be directly callable after loading.]
[2024-08-16 18:32:27,615: INFO: builder_impl: Assets written to: C:\Users\ayush\AppData\Local\Temp\tmplr9grd5e\model\data\model\assets]
[2024-08-16 20:35:14,805: INFO: main: >>>>>> stage Data Ingestion stage started <<<<<<]
[2024-08-16 20:35:14,915: INFO: common: yaml file: config\config.yaml loaded successfully]
[2024-08-16 20:35:14,923: INFO: common: yaml file: params.yaml loaded successfully]
[2024-08-16 20:35:14,923: INFO: common: created directory at: artifacts]
[2024-08-16 20:35:14,943: INFO: common: created directory at: artifacts/data_ingestion]
[2024-08-16 20:35:14,945: INFO: data_ingestion: Downloading data from https://drive.google.com/file/d/1vlhZ5c7abUKF8xXERIw6m9Te8fW7ohw3/view?usp=sharing into file artifacts/data_ingestion/data.zip]
[2024-08-16 20:35:41,589: INFO: data_ingestion: Downloaded data from https://drive.google.com/file/d/1vlhZ5c7abUKF8xXERIw6m9Te8fW7ohw3/view?usp=sharing into file artifacts/data_ingestion/data.zip]
[2024-08-16 20:35:42,804: INFO: main: >>>>>> stage Data Ingestion stage completed <<<<<<

x==========x]
[2024-08-16 20:35:42,804: INFO: main: *******************]
[2024-08-16 20:35:42,804: INFO: main: >>>>>> stage Prepare base model started <<<<<<]
[2024-08-16 20:35:42,804: INFO: common: yaml file: config\config.yaml loaded successfully]
[2024-08-16 20:35:42,815: INFO: common: yaml file: params.yaml loaded successfully]
[2024-08-16 20:35:42,816: INFO: common: created directory at: artifacts]
[2024-08-16 20:35:42,817: INFO: common: created directory at: artifacts/prepare_base_model]
[2024-08-16 20:35:47,139: WARNING: saving_utils: Compiled the loaded model, but the compiled metrics have yet to be built. `model.compile_metrics` will be empty until you train or evaluate the model.]
[2024-08-16 20:35:48,727: INFO: main: >>>>>> stage Prepare base model completed <<<<<<

x==========x]
[2024-08-16 20:35:48,728: INFO: main: *******************]
[2024-08-16 20:35:48,728: INFO: main: >>>>>> stage Training started <<<<<<]
[2024-08-16 20:35:48,738: INFO: common: yaml file: config\config.yaml loaded successfully]
[2024-08-16 20:35:48,751: INFO: common: yaml file: params.yaml loaded successfully]
[2024-08-16 20:35:48,753: INFO: common: created directory at: artifacts]
[2024-08-16 20:35:48,755: INFO: common: created directory at: artifacts\training]
[2024-08-16 20:36:28,441: INFO: main: >>>>>> stage Training completed <<<<<<

x==========x]
[2024-08-16 20:36:28,449: INFO: main: *******************]
[2024-08-16 20:36:28,452: INFO: main: >>>>>> stage Evaluation stage started <<<<<<]
[2024-08-16 20:36:28,478: INFO: common: yaml file: config\config.yaml loaded successfully]
[2024-08-16 20:36:28,487: INFO: common: yaml file: params.yaml loaded successfully]
[2024-08-16 20:36:28,490: INFO: common: created directory at: artifacts]
[2024-08-16 20:36:35,505: INFO: common: json file saved at: scores.json]
[2024-08-16 20:36:35,506: INFO: common: json file saved at: scores.json]
[2024-08-16 20:36:38,859: WARNING: save: Found untraced functions such as _jit_compiled_convolution_op, _jit_compiled_convolution_op, _jit_compiled_convolution_op, _jit_compiled_convolution_op, _jit_compiled_convolution_op while saving (showing 5 of 13). These functions will not be directly callable after loading.]
[2024-08-16 20:36:40,838: INFO: builder_impl: Assets written to: C:\Users\ayush\AppData\Local\Temp\tmpyr7x0cug\model\data\model\assets]
[2024-08-16 20:37:12,533: INFO: dir_util: creating E:\kidney disease\mlruns\0\d27cf9f517f04c58a81f2f63c592b687\artifacts\model\data]
[2024-08-16 20:37:12,538: INFO: dir_util: creating E:\kidney disease\mlruns\0\d27cf9f517f04c58a81f2f63c592b687\artifacts\model\data\model]
[2024-08-16 20:37:12,538: INFO: dir_util: creating E:\kidney disease\mlruns\0\d27cf9f517f04c58a81f2f63c592b687\artifacts\model\data\model\assets]
[2024-08-16 20:37:12,544: INFO: dir_util: creating E:\kidney disease\mlruns\0\d27cf9f517f04c58a81f2f63c592b687\artifacts\model\data\model\variables]
[2024-08-16 20:37:12,672: INFO: main: >>>>>> stage Evaluation stage completed <<<<<<

x==========x]
[2024-08-16 21:15:47,670: INFO: main: >>>>>> stage Data Ingestion stage started <<<<<<]
[2024-08-16 21:15:47,693: INFO: common: yaml file: config\config.yaml loaded successfully]
[2024-08-16 21:15:47,701: INFO: common: yaml file: params.yaml loaded successfully]
[2024-08-16 21:15:47,701: INFO: common: created directory at: artifacts]
[2024-08-16 21:15:47,701: INFO: common: created directory at: artifacts/data_ingestion]
[2024-08-16 21:15:47,701: INFO: data_ingestion: Downloading data from https://drive.google.com/file/d/1vlhZ5c7abUKF8xXERIw6m9Te8fW7ohw3/view?usp=sharing into file artifacts/data_ingestion/data.zip]
[2024-08-16 21:16:11,430: INFO: data_ingestion: Downloaded data from https://drive.google.com/file/d/1vlhZ5c7abUKF8xXERIw6m9Te8fW7ohw3/view?usp=sharing into file artifacts/data_ingestion/data.zip]
[2024-08-16 21:16:12,913: INFO: main: >>>>>> stage Data Ingestion stage completed <<<<<<

x==========x]
[2024-08-16 21:16:12,915: INFO: main: *******************]
[2024-08-16 21:16:12,915: INFO: main: >>>>>> stage Prepare base model started <<<<<<]
[2024-08-16 21:16:12,930: INFO: common: yaml file: config\config.yaml loaded successfully]
[2024-08-16 21:16:12,945: INFO: common: yaml file: params.yaml loaded successfully]
[2024-08-16 21:16:12,946: INFO: common: created directory at: artifacts]
[2024-08-16 21:16:12,950: INFO: common: created directory at: artifacts/prepare_base_model]
[2024-08-16 21:16:18,186: WARNING: saving_utils: Compiled the loaded model, but the compiled metrics have yet to be built. `model.compile_metrics` will be empty until you train or evaluate the model.]
[2024-08-16 21:16:20,603: INFO: main: >>>>>> stage Prepare base model completed <<<<<<

x==========x]
[2024-08-16 21:16:20,610: INFO: main: *******************]
[2024-08-16 21:16:20,612: INFO: main: >>>>>> stage Training started <<<<<<]
[2024-08-16 21:16:20,620: INFO: common: yaml file: config\config.yaml loaded successfully]
[2024-08-16 21:16:20,631: INFO: common: yaml file: params.yaml loaded successfully]
[2024-08-16 21:16:20,635: INFO: common: created directory at: artifacts]
[2024-08-16 21:16:20,636: INFO: common: created directory at: artifacts\training]
[2024-08-16 21:17:13,064: INFO: main: >>>>>> stage Training completed <<<<<<

x==========x]
[2024-08-16 21:17:13,064: INFO: main: *******************]
[2024-08-16 21:17:13,069: INFO: main: >>>>>> stage Evaluation stage started <<<<<<]
[2024-08-16 21:17:13,085: INFO: common: yaml file: config\config.yaml loaded successfully]
[2024-08-16 21:17:13,099: INFO: common: yaml file: params.yaml loaded successfully]
[2024-08-16 21:17:13,105: INFO: common: created directory at: artifacts]
[2024-08-16 21:17:21,511: INFO: common: json file saved at: scores.json]
[2024-08-16 21:17:21,511: INFO: common: json file saved at: scores.json]
[2024-08-16 21:17:27,884: WARNING: save: Found untraced functions such as _jit_compiled_convolution_op, _jit_compiled_convolution_op, _jit_compiled_convolution_op, _jit_compiled_convolution_op, _jit_compiled_convolution_op while saving (showing 5 of 13). These functions will not be directly callable after loading.]
[2024-08-16 21:17:30,514: INFO: builder_impl: Assets written to: C:\Users\ayush\AppData\Local\Temp\tmpxw9gdpo5\model\data\model\assets]
[2024-08-16 21:18:15,563: INFO: dir_util: creating E:\kidney disease\mlruns\0\81a95ae968064a85808d74c474d51b7f\artifacts\model\data]
[2024-08-16 21:18:15,569: INFO: dir_util: creating E:\kidney disease\mlruns\0\81a95ae968064a85808d74c474d51b7f\artifacts\model\data\model]
[2024-08-16 21:18:15,572: INFO: dir_util: creating E:\kidney disease\mlruns\0\81a95ae968064a85808d74c474d51b7f\artifacts\model\data\model\assets]
[2024-08-16 21:18:15,577: INFO: dir_util: creating E:\kidney disease\mlruns\0\81a95ae968064a85808d74c474d51b7f\artifacts\model\data\model\variables]
[2024-08-16 21:18:17,659: INFO: main: >>>>>> stage Evaluation stage completed <<<<<<

x==========x]
[2024-08-16 21:46:56,645: INFO: main: >>>>>> stage Data Ingestion stage started <<<<<<]
[2024-08-16 21:46:56,645: INFO: common: yaml file: config\config.yaml loaded successfully]
[2024-08-16 21:46:56,661: INFO: common: yaml file: params.yaml loaded successfully]
[2024-08-16 21:46:56,661: INFO: common: created directory at: artifacts]
[2024-08-16 21:46:56,661: INFO: common: created directory at: artifacts/data_ingestion]
[2024-08-16 21:46:56,661: INFO: data_ingestion: Downloading data from https://drive.google.com/file/d/1vlhZ5c7abUKF8xXERIw6m9Te8fW7ohw3/view?usp=sharing into file artifacts/data_ingestion/data.zip]
[2024-08-16 21:47:18,834: INFO: data_ingestion: Downloaded data from https://drive.google.com/file/d/1vlhZ5c7abUKF8xXERIw6m9Te8fW7ohw3/view?usp=sharing into file artifacts/data_ingestion/data.zip]
[2024-08-16 21:47:20,070: INFO: main: >>>>>> stage Data Ingestion stage completed <<<<<<

x==========x]
[2024-08-16 21:47:20,070: INFO: main: *******************]
[2024-08-16 21:47:20,070: INFO: main: >>>>>> stage Prepare base model started <<<<<<]
[2024-08-16 21:47:20,084: INFO: common: yaml file: config\config.yaml loaded successfully]
[2024-08-16 21:47:20,089: INFO: common: yaml file: params.yaml loaded successfully]
[2024-08-16 21:47:20,089: INFO: common: created directory at: artifacts]
[2024-08-16 21:47:20,092: INFO: common: created directory at: artifacts/prepare_base_model]
[2024-08-16 21:47:24,514: WARNING: saving_utils: Compiled the loaded model, but the compiled metrics have yet to be built. `model.compile_metrics` will be empty until you train or evaluate the model.]
[2024-08-16 21:47:26,555: INFO: main: >>>>>> stage Prepare base model completed <<<<<<

x==========x]
[2024-08-16 21:47:26,555: INFO: main: *******************]
[2024-08-16 21:47:26,561: INFO: main: >>>>>> stage Training started <<<<<<]
[2024-08-16 21:47:26,571: INFO: common: yaml file: config\config.yaml loaded successfully]
[2024-08-16 21:47:26,579: INFO: common: yaml file: params.yaml loaded successfully]
[2024-08-16 21:47:26,580: INFO: common: created directory at: artifacts]
[2024-08-16 21:47:26,580: INFO: common: created directory at: artifacts\training]
[2024-08-16 21:48:06,810: INFO: main: >>>>>> stage Training completed <<<<<<

x==========x]
[2024-08-16 21:48:06,817: INFO: main: *******************]
[2024-08-16 21:48:06,817: INFO: main: >>>>>> stage Evaluation stage started <<<<<<]
[2024-08-16 21:48:06,835: INFO: common: yaml file: config\config.yaml loaded successfully]
[2024-08-16 21:48:06,846: INFO: common: yaml file: params.yaml loaded successfully]
[2024-08-16 21:48:06,848: INFO: common: created directory at: artifacts]
[2024-08-16 21:48:12,607: INFO: common: json file saved at: scores.json]
[2024-08-16 21:48:12,607: INFO: common: json file saved at: scores.json]
[2024-08-16 21:48:16,403: WARNING: save: Found untraced functions such as _jit_compiled_convolution_op, _jit_compiled_convolution_op, _jit_compiled_convolution_op, _jit_compiled_convolution_op, _jit_compiled_convolution_op while saving (showing 5 of 13). These functions will not be directly callable after loading.]
[2024-08-16 21:48:19,255: INFO: builder_impl: Assets written to: C:\Users\ayush\AppData\Local\Temp\tmp81_qtwn8\model\data\model\assets]
[2024-08-16 21:48:50,757: INFO: dir_util: creating E:\kidney disease\mlruns\0\f86e6fb66b9b4befba601b671b2eabd8\artifacts\model\data]
[2024-08-16 21:48:50,761: INFO: dir_util: creating E:\kidney disease\mlruns\0\f86e6fb66b9b4befba601b671b2eabd8\artifacts\model\data\model]
[2024-08-16 21:48:50,765: INFO: dir_util: creating E:\kidney disease\mlruns\0\f86e6fb66b9b4befba601b671b2eabd8\artifacts\model\data\model\assets]
[2024-08-16 21:48:50,768: INFO: dir_util: creating E:\kidney disease\mlruns\0\f86e6fb66b9b4befba601b671b2eabd8\artifacts\model\data\model\variables]
[2024-08-16 21:48:51,783: INFO: main: >>>>>> stage Evaluation stage completed <<<<<<

x==========x]
[2024-08-16 22:40:19,175: INFO: main: >>>>>> stage Data Ingestion stage started <<<<<<]
[2024-08-16 22:40:19,287: INFO: common: yaml file: config\config.yaml loaded successfully]
[2024-08-16 22:40:19,294: INFO: common: yaml file: params.yaml loaded successfully]
[2024-08-16 22:40:19,295: INFO: common: created directory at: artifacts]
[2024-08-16 22:40:19,296: INFO: common: created directory at: artifacts/data_ingestion]
[2024-08-16 22:40:19,296: INFO: data_ingestion: Downloading data from https://drive.google.com/file/d/1vlhZ5c7abUKF8xXERIw6m9Te8fW7ohw3/view?usp=sharing into file artifacts/data_ingestion/data.zip]
[2024-08-16 22:40:53,825: INFO: data_ingestion: Downloaded data from https://drive.google.com/file/d/1vlhZ5c7abUKF8xXERIw6m9Te8fW7ohw3/view?usp=sharing into file artifacts/data_ingestion/data.zip]
[2024-08-16 22:40:54,930: INFO: main: >>>>>> stage Data Ingestion stage completed <<<<<<

x==========x]
[2024-08-16 22:40:54,930: INFO: main: *******************]
[2024-08-16 22:40:54,931: INFO: main: >>>>>> stage Prepare base model started <<<<<<]
[2024-08-16 22:40:54,933: INFO: common: yaml file: config\config.yaml loaded successfully]
[2024-08-16 22:40:54,937: INFO: common: yaml file: params.yaml loaded successfully]
[2024-08-16 22:40:54,938: INFO: common: created directory at: artifacts]
[2024-08-16 22:40:54,939: INFO: common: created directory at: artifacts/prepare_base_model]
[2024-08-16 22:40:59,139: WARNING: saving_utils: Compiled the loaded model, but the compiled metrics have yet to be built. `model.compile_metrics` will be empty until you train or evaluate the model.]
[2024-08-16 22:41:01,645: INFO: main: >>>>>> stage Prepare base model completed <<<<<<

x==========x]
[2024-08-16 22:41:01,646: INFO: main: *******************]
[2024-08-16 22:41:01,648: INFO: main: >>>>>> stage Training started <<<<<<]
[2024-08-16 22:41:01,653: INFO: common: yaml file: config\config.yaml loaded successfully]
[2024-08-16 22:41:01,656: INFO: common: yaml file: params.yaml loaded successfully]
[2024-08-16 22:41:01,656: INFO: common: created directory at: artifacts]
[2024-08-16 22:41:01,657: INFO: common: created directory at: artifacts\training]
[2024-08-16 22:41:34,187: INFO: main: >>>>>> stage Training completed <<<<<<

x==========x]
[2024-08-16 22:41:34,189: INFO: main: *******************]
[2024-08-16 22:41:34,189: INFO: main: >>>>>> stage Evaluation stage started <<<<<<]
[2024-08-16 22:41:34,195: INFO: common: yaml file: config\config.yaml loaded successfully]
[2024-08-16 22:41:34,202: INFO: common: yaml file: params.yaml loaded successfully]
[2024-08-16 22:41:34,204: INFO: common: created directory at: artifacts]
[2024-08-16 22:41:38,237: INFO: common: json file saved at: scores.json]
[2024-08-16 22:41:38,238: INFO: common: json file saved at: scores.json]
[2024-08-16 22:41:39,109: INFO: helpers: Accessing as ayushhsinghhh]
[2024-08-16 22:41:39,933: INFO: helpers: Initialized MLflow to track repo "ayushhsinghhh/Kidney-Disease"]
[2024-08-16 22:41:39,935: INFO: helpers: Repository ayushhsinghhh/Kidney-Disease initialized!]
[2024-08-16 22:41:44,366: WARNING: save: Found untraced functions such as _jit_compiled_convolution_op, _jit_compiled_convolution_op, _jit_compiled_convolution_op, _jit_compiled_convolution_op, _jit_compiled_convolution_op while saving (showing 5 of 13). These functions will not be directly callable after loading.]
[2024-08-16 22:41:45,075: INFO: builder_impl: Assets written to: C:\Users\ayush\AppData\Local\Temp\tmpcn5pz3ni\model\data\model\assets]
[2024-08-16 22:42:43,833: INFO: main: >>>>>> stage Evaluation stage completed <<<<<<

x==========x]
